android/app/build/intermediates/manifest_merge_blame_file/debug/manifest-merger-blame-debug-report.txt
1<?xml version="1.0" encoding="utf-8"?>
2<manifest xmlns:android="http://schemas.android.com/apk/res/android"
3    package="com.feedbackbot"
4    android:versionCode="1"
5    android:versionName="1.0" >
6
7    <uses-sdk
8        android:minSdkVersion="16"
9        android:targetSdkVersion="28" />
10
11    <uses-permission android:name="android.permission.SYSTEM_ALERT_WINDOW" />
11-->src/main/AndroidManifest.xml:7:7-79
11-->src/main/AndroidManifest.xml:7:24-77
12    <uses-permission android:name="android.permission.INTERNET" />
12-->src/main/AndroidManifest.xml:4:5-67
12-->src/main/AndroidManifest.xml:4:22-64
13    <uses-permission android:name="android.permission.ACCESS_NETWORK_STATE" />
13-->src/main/AndroidManifest.xml:5:5-79
13-->src/main/AndroidManifest.xml:5:22-76
14    <uses-permission android:name="android.permission.ACCESS_WIFI_STATE" />
14-->src/main/AndroidManifest.xml:6:6-77
14-->src/main/AndroidManifest.xml:6:23-74
15    <uses-permission android:name="android.permission.RECORD_AUDIO" />
15-->[:react-native-dialogflow] AndroidManifest.xml:11:5-71
15-->[:react-native-dialogflow] AndroidManifest.xml:11:22-68
16
17    <application
17-->src/main/AndroidManifest.xml:8:5-27:19
18        android:name="com.feedbackbot.MainApplication"
18-->src/main/AndroidManifest.xml:9:7-38
19        android:allowBackup="false"
19-->src/main/AndroidManifest.xml:13:7-34
20        android:appComponentFactory="androidx.core.app.CoreComponentFactory"
20-->[androidx.core:core:1.1.0] AndroidManifest.xml:24:18-86
21        android:debuggable="true"
22        android:icon="@mipmap/ic_launcher"
22-->src/main/AndroidManifest.xml:11:7-41
23        android:label="@string/app_name"
23-->src/main/AndroidManifest.xml:10:7-39
24        android:roundIcon="@mipmap/ic_launcher_round"
24-->src/main/AndroidManifest.xml:12:7-52
25        android:theme="@style/AppTheme"
25-->src/main/AndroidManifest.xml:14:7-38
26        android:usesCleartextTraffic="true" >
26-->src/debug/AndroidManifest.xml:7:18-53
27        <activity
27-->src/main/AndroidManifest.xml:15:7-25:18
28            android:name="com.feedbackbot.MainActivity"
28-->src/main/AndroidManifest.xml:16:9-37
29            android:configChanges="keyboard|keyboardHidden|orientation|screenSize|uiMode"
29-->src/main/AndroidManifest.xml:18:9-86
30            android:label="@string/app_name"
30-->src/main/AndroidManifest.xml:17:9-41
31            android:launchMode="singleTask"
31-->src/main/AndroidManifest.xml:19:9-40
32            android:windowSoftInputMode="adjustResize" >
32-->src/main/AndroidManifest.xml:20:9-51
33            <intent-filter>
33-->src/main/AndroidManifest.xml:21:9-24:25
34                <action android:name="android.intent.action.MAIN" />
34-->src/main/AndroidManifest.xml:22:13-65
34-->src/main/AndroidManifest.xml:22:21-62
35
36                <category android:name="android.intent.category.LAUNCHER" />
36-->src/main/AndroidManifest.xml:23:13-73
36-->src/main/AndroidManifest.xml:23:23-70
37            </intent-filter>
38        </activity>
39        <activity android:name="com.facebook.react.devsupport.DevSettingsActivity" />
39-->src/main/AndroidManifest.xml:26:7-84
39-->src/main/AndroidManifest.xml:26:17-81
40    </application>
41
42</manifest>